<?xml version="1.0" encoding="UTF-8"?>
<testsuite name="helloworld.AppTest" tests="1" skipped="0" failures="0" errors="0" timestamp="2023-05-09T10:52:45" hostname="DoulatNagar" time="1.963">
  <properties/>
  <testcase name="successfulResponse" classname="helloworld.AppTest" time="1.963"/>
  <system-out><![CDATA[]]></system-out>
  <system-err><![CDATA[]]></system-err>
</testsuite>
