<?xml version="1.0" encoding="UTF-8"?>
<testsuite name="helloworld.AppTest" tests="1" skipped="0" failures="0" errors="0" timestamp="2023-05-05T08:43:03" hostname="DoulatNagar" time="1.344">
  <properties/>
  <testcase name="successfulResponse" classname="helloworld.AppTest" time="1.344"/>
  <system-out><![CDATA[]]></system-out>
  <system-err><![CDATA[]]></system-err>
</testsuite>
