<?xml version="1.0" encoding="UTF-8"?>
<testsuite name="helloworld.AppTest" tests="1" skipped="0" failures="0" errors="0" timestamp="2023-04-19T11:10:04" hostname="DoulatNagar" time="1.74">
  <properties/>
  <testcase name="successfulResponse" classname="helloworld.AppTest" time="1.74"/>
  <system-out><![CDATA[]]></system-out>
  <system-err><![CDATA[]]></system-err>
</testsuite>
